0 info it worked if it ends with ok
1 verbose cli [ 'C:\\Program Files\\nodejs\\node.exe',
1 verbose cli   'C:\\Program Files\\nodejs\\node_modules\\npm\\bin\\npm-cli.js',
1 verbose cli   'run',
1 verbose cli   'build' ]
2 info using npm@3.7.3
3 info using node@v5.9.0
4 verbose run-script [ 'prebuild', 'build', 'postbuild' ]
5 info lifecycle budgettracking@~prebuild: budgettracking@
6 verbose lifecycle budgettracking@~prebuild: unsafe-perm in lifecycle true
7 verbose lifecycle budgettracking@~prebuild: PATH: C:\Program Files\nodejs\node_modules\npm\bin\node-gyp-bin;F:\entrib\Projects\bajaj\BudgetTracking\node_modules\.bin;C:\Program Files\nodejs;C:\Users\Dell\bin;C:\Program Files\Git\mingw64\bin;C:\Program Files\Git\usr\local\bin;C:\Program Files\Git\usr\bin;C:\Program Files\Git\usr\bin;C:\Program Files\Git\mingw64\bin;C:\Program Files\Git\usr\bin;C:\Users\Dell\bin;C:\Program Files (x86)\Intel\iCLS Client;C:\Program Files\Intel\iCLS Client;C:\Program Files\Dell\DW WLAN Card;C:\WINDOWS\system32;C:\WINDOWS;C:\WINDOWS\System32\Wbem;C:\WINDOWS\System32\WindowsPowerShell\v1.0;C:\Program Files\WIDCOMM\Bluetooth Software;C:\Program Files\WIDCOMM\Bluetooth Software\syswow64;C:\Program Files\Intel\Intel(R) Management Engine Components\DAL;C:\Program Files (x86)\Intel\Intel(R) Management Engine Components\DAL;C:\Program Files\Intel\Intel(R) Management Engine Components\IPT;C:\Program Files (x86)\Intel\Intel(R) Management Engine Components\IPT;C:\Program Files\Git\cmd;C:\Program Files (x86)\Skype\Phone;C:\Program Files\nodejs;C:\Program Files\MongoDB\Server\3.2\bin;C:\Ruby\bin;C:\Program Files (x86)\Microsoft VS Code\bin;C:\Users\Dell\AppData\Roaming\npm;C:\Users\Dell\AppData\Local\atom\bin;C:\Program Files\Git\usr\bin\vendor_perl;C:\Program Files\Git\usr\bin\core_perl
8 verbose lifecycle budgettracking@~prebuild: CWD: F:\entrib\Projects\bajaj\BudgetTracking
9 silly lifecycle budgettracking@~prebuild: Args: [ '/d /s /c', 'npm install && bower install' ]
10 silly lifecycle budgettracking@~prebuild: Returned: code: 0  signal: null
11 info lifecycle budgettracking@~build: budgettracking@
12 verbose lifecycle budgettracking@~build: unsafe-perm in lifecycle true
13 verbose lifecycle budgettracking@~build: PATH: C:\Program Files\nodejs\node_modules\npm\bin\node-gyp-bin;F:\entrib\Projects\bajaj\BudgetTracking\node_modules\.bin;C:\Program Files\nodejs;C:\Users\Dell\bin;C:\Program Files\Git\mingw64\bin;C:\Program Files\Git\usr\local\bin;C:\Program Files\Git\usr\bin;C:\Program Files\Git\usr\bin;C:\Program Files\Git\mingw64\bin;C:\Program Files\Git\usr\bin;C:\Users\Dell\bin;C:\Program Files (x86)\Intel\iCLS Client;C:\Program Files\Intel\iCLS Client;C:\Program Files\Dell\DW WLAN Card;C:\WINDOWS\system32;C:\WINDOWS;C:\WINDOWS\System32\Wbem;C:\WINDOWS\System32\WindowsPowerShell\v1.0;C:\Program Files\WIDCOMM\Bluetooth Software;C:\Program Files\WIDCOMM\Bluetooth Software\syswow64;C:\Program Files\Intel\Intel(R) Management Engine Components\DAL;C:\Program Files (x86)\Intel\Intel(R) Management Engine Components\DAL;C:\Program Files\Intel\Intel(R) Management Engine Components\IPT;C:\Program Files (x86)\Intel\Intel(R) Management Engine Components\IPT;C:\Program Files\Git\cmd;C:\Program Files (x86)\Skype\Phone;C:\Program Files\nodejs;C:\Program Files\MongoDB\Server\3.2\bin;C:\Ruby\bin;C:\Program Files (x86)\Microsoft VS Code\bin;C:\Users\Dell\AppData\Roaming\npm;C:\Users\Dell\AppData\Local\atom\bin;C:\Program Files\Git\usr\bin\vendor_perl;C:\Program Files\Git\usr\bin\core_perl
14 verbose lifecycle budgettracking@~build: CWD: F:\entrib\Projects\bajaj\BudgetTracking
15 silly lifecycle budgettracking@~build: Args: [ '/d /s /c', 'grunt build' ]
16 silly lifecycle budgettracking@~build: Returned: code: 6  signal: null
17 info lifecycle budgettracking@~build: Failed to exec build script
18 verbose stack Error: budgettracking@ build: `grunt build`
18 verbose stack Exit status 6
18 verbose stack     at EventEmitter.<anonymous> (C:\Program Files\nodejs\node_modules\npm\lib\utils\lifecycle.js:239:16)
18 verbose stack     at emitTwo (events.js:100:13)
18 verbose stack     at EventEmitter.emit (events.js:185:7)
18 verbose stack     at ChildProcess.<anonymous> (C:\Program Files\nodejs\node_modules\npm\lib\utils\spawn.js:24:14)
18 verbose stack     at emitTwo (events.js:100:13)
18 verbose stack     at ChildProcess.emit (events.js:185:7)
18 verbose stack     at maybeClose (internal/child_process.js:850:16)
18 verbose stack     at Process.ChildProcess._handle.onexit (internal/child_process.js:215:5)
19 verbose pkgid budgettracking@
20 verbose cwd F:\entrib\Projects\bajaj\BudgetTracking
21 error Windows_NT 10.0.10586
22 error argv "C:\\Program Files\\nodejs\\node.exe" "C:\\Program Files\\nodejs\\node_modules\\npm\\bin\\npm-cli.js" "run" "build"
23 error node v5.9.0
24 error npm  v3.7.3
25 error code ELIFECYCLE
26 error budgettracking@ build: `grunt build`
26 error Exit status 6
27 error Failed at the budgettracking@ build script 'grunt build'.
27 error Make sure you have the latest version of node.js and npm installed.
27 error If you do, this is most likely a problem with the budgettracking package,
27 error not with npm itself.
27 error Tell the author that this fails on your system:
27 error     grunt build
27 error You can get information on how to open an issue for this project with:
27 error     npm bugs budgettracking
27 error Or if that isn't available, you can get their info via:
27 error     npm owner ls budgettracking
27 error There is likely additional logging output above.
28 verbose exit [ 1, true ]
